2023-09-24 17:08:42,904 INFO: Your Application startup [in C:\Users\Abel Ben\Downloads\lost-and-found\app.py:123]
2023-09-24 17:08:42,907 INFO: [32mYour Application startup[0m [in C:\Users\Abel Ben\Downloads\lost-and-found\app.py:135]
2023-09-24 17:08:42,907 INFO: [32mYour Application startup[0m [in C:\Users\Abel Ben\Downloads\lost-and-found\app.py:135]
2023-09-24 17:08:42,909 INFO: [32mThis is an info message[0m [in C:\Users\Abel Ben\Downloads\lost-and-found\app.py:149]
2023-09-24 17:08:42,909 INFO: [32mThis is an info message[0m [in C:\Users\Abel Ben\Downloads\lost-and-found\app.py:149]
2023-09-24 17:08:42,910 ERROR: [31mThis is an error message[0m [in C:\Users\Abel Ben\Downloads\lost-and-found\app.py:149]
2023-09-24 17:08:42,910 ERROR: [31mThis is an error message[0m [in C:\Users\Abel Ben\Downloads\lost-and-found\app.py:149]
2023-09-24 17:08:42,912 WARNING: [33mThis is a warning message[0m [in C:\Users\Abel Ben\Downloads\lost-and-found\app.py:149]
2023-09-24 17:08:42,912 WARNING: [33mThis is a warning message[0m [in C:\Users\Abel Ben\Downloads\lost-and-found\app.py:149]
2023-09-24 17:08:45,858 INFO: Your Application startup [in C:\Users\Abel Ben\Downloads\lost-and-found\app.py:123]
2023-09-24 17:08:45,861 INFO: [32mYour Application startup[0m [in C:\Users\Abel Ben\Downloads\lost-and-found\app.py:135]
2023-09-24 17:08:45,861 INFO: [32mYour Application startup[0m [in C:\Users\Abel Ben\Downloads\lost-and-found\app.py:135]
2023-09-24 17:08:45,863 INFO: [32mThis is an info message[0m [in C:\Users\Abel Ben\Downloads\lost-and-found\app.py:149]
2023-09-24 17:08:45,863 INFO: [32mThis is an info message[0m [in C:\Users\Abel Ben\Downloads\lost-and-found\app.py:149]
2023-09-24 17:08:45,864 ERROR: [31mThis is an error message[0m [in C:\Users\Abel Ben\Downloads\lost-and-found\app.py:149]
2023-09-24 17:08:45,864 ERROR: [31mThis is an error message[0m [in C:\Users\Abel Ben\Downloads\lost-and-found\app.py:149]
2023-09-24 17:08:45,866 WARNING: [33mThis is a warning message[0m [in C:\Users\Abel Ben\Downloads\lost-and-found\app.py:149]
2023-09-24 17:08:45,866 WARNING: [33mThis is a warning message[0m [in C:\Users\Abel Ben\Downloads\lost-and-found\app.py:149]
2023-09-24 17:29:04,324 INFO: Your Application startup [in C:\Users\Abel Ben\Downloads\lost-and-found\app.py:123]
2023-09-24 17:29:04,325 INFO: [32mYour Application startup[0m [in C:\Users\Abel Ben\Downloads\lost-and-found\app.py:135]
2023-09-24 17:29:04,325 INFO: [32mYour Application startup[0m [in C:\Users\Abel Ben\Downloads\lost-and-found\app.py:135]
2023-09-24 17:29:04,325 INFO: [32mThis is an info message[0m [in C:\Users\Abel Ben\Downloads\lost-and-found\app.py:149]
2023-09-24 17:29:04,325 INFO: [32mThis is an info message[0m [in C:\Users\Abel Ben\Downloads\lost-and-found\app.py:149]
2023-09-24 17:29:04,326 ERROR: [31mThis is an error message[0m [in C:\Users\Abel Ben\Downloads\lost-and-found\app.py:149]
2023-09-24 17:29:04,326 ERROR: [31mThis is an error message[0m [in C:\Users\Abel Ben\Downloads\lost-and-found\app.py:149]
2023-09-24 17:29:04,326 WARNING: [33mThis is a warning message[0m [in C:\Users\Abel Ben\Downloads\lost-and-found\app.py:149]
2023-09-24 17:29:04,326 WARNING: [33mThis is a warning message[0m [in C:\Users\Abel Ben\Downloads\lost-and-found\app.py:149]
2023-09-24 17:29:05,539 INFO: Your Application startup [in C:\Users\Abel Ben\Downloads\lost-and-found\app.py:123]
2023-09-24 17:29:05,540 INFO: [32mYour Application startup[0m [in C:\Users\Abel Ben\Downloads\lost-and-found\app.py:135]
2023-09-24 17:29:05,540 INFO: [32mYour Application startup[0m [in C:\Users\Abel Ben\Downloads\lost-and-found\app.py:135]
2023-09-24 17:29:05,542 INFO: [32mThis is an info message[0m [in C:\Users\Abel Ben\Downloads\lost-and-found\app.py:149]
2023-09-24 17:29:05,542 INFO: [32mThis is an info message[0m [in C:\Users\Abel Ben\Downloads\lost-and-found\app.py:149]
2023-09-24 17:29:05,542 ERROR: [31mThis is an error message[0m [in C:\Users\Abel Ben\Downloads\lost-and-found\app.py:149]
2023-09-24 17:29:05,542 ERROR: [31mThis is an error message[0m [in C:\Users\Abel Ben\Downloads\lost-and-found\app.py:149]
2023-09-24 17:29:05,543 WARNING: [33mThis is a warning message[0m [in C:\Users\Abel Ben\Downloads\lost-and-found\app.py:149]
2023-09-24 17:29:05,543 WARNING: [33mThis is a warning message[0m [in C:\Users\Abel Ben\Downloads\lost-and-found\app.py:149]
2023-09-24 18:15:39,848 INFO: Your Application startup [in C:\Users\Abel Ben\Downloads\lost-and-found\app.py:123]
2023-09-24 18:15:39,849 INFO: [32mYour Application startup[0m [in C:\Users\Abel Ben\Downloads\lost-and-found\app.py:135]
2023-09-24 18:15:39,849 INFO: [32mYour Application startup[0m [in C:\Users\Abel Ben\Downloads\lost-and-found\app.py:135]
2023-09-24 18:15:39,850 INFO: [32mThis is an info message[0m [in C:\Users\Abel Ben\Downloads\lost-and-found\app.py:149]
2023-09-24 18:15:39,850 INFO: [32mThis is an info message[0m [in C:\Users\Abel Ben\Downloads\lost-and-found\app.py:149]
2023-09-24 18:15:39,851 ERROR: [31mThis is an error message[0m [in C:\Users\Abel Ben\Downloads\lost-and-found\app.py:149]
2023-09-24 18:15:39,851 ERROR: [31mThis is an error message[0m [in C:\Users\Abel Ben\Downloads\lost-and-found\app.py:149]
2023-09-24 18:15:39,852 WARNING: [33mThis is a warning message[0m [in C:\Users\Abel Ben\Downloads\lost-and-found\app.py:149]
2023-09-24 18:15:39,852 WARNING: [33mThis is a warning message[0m [in C:\Users\Abel Ben\Downloads\lost-and-found\app.py:149]
2023-09-24 18:16:07,707 INFO: Your Application startup [in C:\Users\Abel Ben\Downloads\lost-and-found\app.py:123]
2023-09-24 18:16:07,708 INFO: [32mYour Application startup[0m [in C:\Users\Abel Ben\Downloads\lost-and-found\app.py:135]
2023-09-24 18:16:07,708 INFO: [32mYour Application startup[0m [in C:\Users\Abel Ben\Downloads\lost-and-found\app.py:135]
2023-09-24 18:16:07,708 INFO: [32mThis is an info message[0m [in C:\Users\Abel Ben\Downloads\lost-and-found\app.py:149]
2023-09-24 18:16:07,708 INFO: [32mThis is an info message[0m [in C:\Users\Abel Ben\Downloads\lost-and-found\app.py:149]
2023-09-24 18:16:07,710 ERROR: [31mThis is an error message[0m [in C:\Users\Abel Ben\Downloads\lost-and-found\app.py:149]
2023-09-24 18:16:07,710 ERROR: [31mThis is an error message[0m [in C:\Users\Abel Ben\Downloads\lost-and-found\app.py:149]
2023-09-24 18:16:07,710 WARNING: [33mThis is a warning message[0m [in C:\Users\Abel Ben\Downloads\lost-and-found\app.py:149]
2023-09-24 18:16:07,710 WARNING: [33mThis is a warning message[0m [in C:\Users\Abel Ben\Downloads\lost-and-found\app.py:149]
2023-09-24 18:25:28,992 INFO: Your Application startup [in C:\Users\Abel Ben\Downloads\lost-and-found\app.py:123]
2023-09-24 18:25:28,993 INFO: [32mYour Application startup[0m [in C:\Users\Abel Ben\Downloads\lost-and-found\app.py:135]
2023-09-24 18:25:28,993 INFO: [32mYour Application startup[0m [in C:\Users\Abel Ben\Downloads\lost-and-found\app.py:135]
2023-09-24 18:25:28,993 INFO: [32mThis is an info message[0m [in C:\Users\Abel Ben\Downloads\lost-and-found\app.py:149]
2023-09-24 18:25:28,993 INFO: [32mThis is an info message[0m [in C:\Users\Abel Ben\Downloads\lost-and-found\app.py:149]
2023-09-24 18:25:28,995 ERROR: [31mThis is an error message[0m [in C:\Users\Abel Ben\Downloads\lost-and-found\app.py:149]
2023-09-24 18:25:28,995 ERROR: [31mThis is an error message[0m [in C:\Users\Abel Ben\Downloads\lost-and-found\app.py:149]
2023-09-24 18:25:28,996 WARNING: [33mThis is a warning message[0m [in C:\Users\Abel Ben\Downloads\lost-and-found\app.py:149]
2023-09-24 18:25:28,996 WARNING: [33mThis is a warning message[0m [in C:\Users\Abel Ben\Downloads\lost-and-found\app.py:149]
2023-09-24 18:25:30,330 INFO: Your Application startup [in C:\Users\Abel Ben\Downloads\lost-and-found\app.py:123]
2023-09-24 18:25:30,331 INFO: [32mYour Application startup[0m [in C:\Users\Abel Ben\Downloads\lost-and-found\app.py:135]
2023-09-24 18:25:30,331 INFO: [32mYour Application startup[0m [in C:\Users\Abel Ben\Downloads\lost-and-found\app.py:135]
2023-09-24 18:25:30,331 INFO: [32mThis is an info message[0m [in C:\Users\Abel Ben\Downloads\lost-and-found\app.py:149]
2023-09-24 18:25:30,331 INFO: [32mThis is an info message[0m [in C:\Users\Abel Ben\Downloads\lost-and-found\app.py:149]
2023-09-24 18:25:30,332 ERROR: [31mThis is an error message[0m [in C:\Users\Abel Ben\Downloads\lost-and-found\app.py:149]
2023-09-24 18:25:30,332 ERROR: [31mThis is an error message[0m [in C:\Users\Abel Ben\Downloads\lost-and-found\app.py:149]
2023-09-24 18:25:30,333 WARNING: [33mThis is a warning message[0m [in C:\Users\Abel Ben\Downloads\lost-and-found\app.py:149]
2023-09-24 18:25:30,333 WARNING: [33mThis is a warning message[0m [in C:\Users\Abel Ben\Downloads\lost-and-found\app.py:149]
